alog -O2 -sve -msg 5 -sv2k12 -work work $dsn/../../rtl_sources/prbs7x1_chk.v $dsn/../../rtl_sources/prbs7x1_gen.v $dsn/../../rtl_sources/prbs_loopback_top.v $dsn/../../rtl_sources/sim_sources/prbs_loopback_top_tb.v
# Pass 1. Scanning modules hierarchy.
# Info: VCP2113 Module \$root found in current working library.
# Pass 2. Processing instantiations.
# Pass 3. Processing behavioral statements.
# Parameters in case labels, will not check for overlapping labels (c:/git/lat_bert/simulation/lat_bert_activeHDL/../../rtl_sources/prbs7x1_chk.v, ln 124).
# Parameters in case labels, will not check for overlapping labels (c:/git/lat_bert/simulation/lat_bert_activeHDL/../../rtl_sources/prbs7x1_chk.v, ln 162).
# Running Optimizer.
# ELB/DAG code generating.
# Info: VCP2113 Module \$root found in current working library.
# Unit top modules: prbs_loopback_top_tb.
# $root top modules: prbs_loopback_top_tb.
# Compile success 0 Errors 0 Warnings  Analysis time: 0[s].
# Warning: ALOG: The source is compiled without the -dbg switch. Line breakpoints and assertion debug will not be available.
# done
run 100000 ns
# KERNEL: stopped at time: 100 us
alog -O2 -sve -msg 5 -sv2k12 -work work $dsn/../../rtl_sources/prbs7x1_chk.v $dsn/../../rtl_sources/prbs7x1_gen.v $dsn/../../rtl_sources/prbs_loopback_top.v $dsn/../../rtl_sources/sim_sources/prbs_loopback_top_tb.v
# Pass 1. Scanning modules hierarchy.
# Info: VCP2113 Module \$root found in current working library.
# Pass 2. Processing instantiations.
# Pass 3. Processing behavioral statements.
# Parameters in case labels, will not check for overlapping labels (c:/git/lat_bert/simulation/lat_bert_activeHDL/../../rtl_sources/prbs7x1_chk.v, ln 124).
# Parameters in case labels, will not check for overlapping labels (c:/git/lat_bert/simulation/lat_bert_activeHDL/../../rtl_sources/prbs7x1_chk.v, ln 162).
# Running Optimizer.
# ELB/DAG code generating.
# Info: VCP2113 Module \$root found in current working library.
# Unit top modules: prbs_loopback_top_tb.
# $root top modules: prbs_loopback_top_tb.
# Compile success 0 Errors 0 Warnings  Analysis time: 0[s].
# Warning: ALOG: The source is compiled without the -dbg switch. Line breakpoints and assertion debug will not be available.
# done
restart
# ELBREAD: Elaboration process.
# ELBREAD: Elaboration time 0.0 [s].
# 
# KERNEL: Main thread initiated.
# KERNEL: Kernel process initialization phase.
# KERNEL: Time resolution set to 1ps.
# ELAB2: Elaboration final pass...
# ELAB2: Create instances ...
# ELAB2: Create instances complete.
# SLP: Started
# SLP: Elaboration phase ...
# SLP: Elaboration phase ... done : 0.0 [s]
# SLP: Generation phase ...
# SLP: Generation phase ... done : 0.6 [s]
# SLP: Finished : 0.6 [s]
# SLP: 0 primitives and 20 (100.00%) other processes in SLP
# SLP: 43 (100.00%) signals in SLP and 0 interface signals
# ELAB2: Elaboration final pass complete - time: 0.6 [s].
# KERNEL: SLP loading done - time: 0.7 [s].
# KERNEL: Warning: You are using the Active-HDL Lattice Edition. The performance of simulation is running at a reduced rate.
# KERNEL: Warning: Contact Aldec for available upgrade options - sales@aldec.com.
# KERNEL: SLP simulation initialization done - time: 0.0 [s].
# KERNEL: Kernel process initialization done.
# Allocation: Simulator allocated 6050 kB (elbread=1280 elab2=4625 kernel=144 sdf=0)
# KERNEL: ASDB file was created in location c:\git\lat_bert\simulation\lat_bert_activeHDL\src\wave.asdb
#  1:25 PM, Tuesday, April 9, 2019
#  Simulation has been initialized
# Waveform file 'untitled.awc' connected to 'c:/git/lat_bert/simulation/lat_bert_activeHDL/src/wave.asdb'.
run 100000 ns
# KERNEL: stopped at time: 100 us
restart
# ELBREAD: Elaboration process.
# ELBREAD: Elaboration time 0.0 [s].
# 
# KERNEL: Main thread initiated.
# KERNEL: Kernel process initialization phase.
# KERNEL: Time resolution set to 1ps.
# ELAB2: Elaboration final pass...
# ELAB2: Create instances ...
# ELAB2: Create instances complete.
# SLP: Started
# SLP: Finished. Using existing simulator library
# SLP: 0 primitives and 20 (100.00%) other processes in SLP
# SLP: 43 (100.00%) signals in SLP and 0 interface signals
# ELAB2: Elaboration final pass complete - time: 0.1 [s].
# KERNEL: SLP loading done - time: 0.0 [s].
# KERNEL: Warning: You are using the Active-HDL Lattice Edition. The performance of simulation is running at a reduced rate.
# KERNEL: Warning: Contact Aldec for available upgrade options - sales@aldec.com.
# KERNEL: SLP simulation initialization done - time: 0.0 [s].
# KERNEL: Kernel process initialization done.
# Allocation: Simulator allocated 6050 kB (elbread=1280 elab2=4625 kernel=144 sdf=0)
# KERNEL: ASDB file was created in location c:\git\lat_bert\simulation\lat_bert_activeHDL\src\wave.asdb
#  1:28 PM, Tuesday, April 9, 2019
#  Simulation has been initialized
# Waveform file 'untitled.awc' connected to 'c:/git/lat_bert/simulation/lat_bert_activeHDL/src/wave.asdb'.
alog -O2 -sve -msg 5 -sv2k12 -work work $dsn/../../rtl_sources/prbs7x1_chk.v $dsn/../../rtl_sources/prbs7x1_gen.v $dsn/../../rtl_sources/prbs_loopback_top.v $dsn/../../rtl_sources/sim_sources/prbs_loopback_top_tb.v
# Pass 1. Scanning modules hierarchy.
# Info: VCP2113 Module \$root found in current working library.
# Pass 2. Processing instantiations.
# Pass 3. Processing behavioral statements.
# Parameters in case labels, will not check for overlapping labels (c:/git/lat_bert/simulation/lat_bert_activeHDL/../../rtl_sources/prbs7x1_chk.v, ln 124).
# Parameters in case labels, will not check for overlapping labels (c:/git/lat_bert/simulation/lat_bert_activeHDL/../../rtl_sources/prbs7x1_chk.v, ln 162).
# Running Optimizer.
# ELB/DAG code generating.
# Info: VCP2113 Module \$root found in current working library.
# Unit top modules: prbs_loopback_top_tb.
# $root top modules: prbs_loopback_top_tb.
# Compile success 0 Errors 0 Warnings  Analysis time: 1[s].
# Warning: ALOG: The source is compiled without the -dbg switch. Line breakpoints and assertion debug will not be available.
# done
run 100000 ns
# KERNEL: stopped at time: 100 us
restart
# ELBREAD: Elaboration process.
# ELBREAD: Elaboration time 0.0 [s].
# 
# KERNEL: Main thread initiated.
# KERNEL: Kernel process initialization phase.
# KERNEL: Time resolution set to 1ps.
# ELAB2: Elaboration final pass...
# ELAB2: Create instances ...
# ELAB2: Create instances complete.
# SLP: Started
# SLP: Elaboration phase ...
# SLP: Elaboration phase ... done : 0.0 [s]
# SLP: Generation phase ...
# SLP: Generation phase ... done : 0.5 [s]
# SLP: Finished : 0.6 [s]
# SLP: 0 primitives and 20 (100.00%) other processes in SLP
# SLP: 43 (100.00%) signals in SLP and 0 interface signals
# ELAB2: Elaboration final pass complete - time: 0.6 [s].
# KERNEL: SLP loading done - time: 0.3 [s].
# KERNEL: Warning: You are using the Active-HDL Lattice Edition. The performance of simulation is running at a reduced rate.
# KERNEL: Warning: Contact Aldec for available upgrade options - sales@aldec.com.
# KERNEL: SLP simulation initialization done - time: 0.0 [s].
# KERNEL: Kernel process initialization done.
# Allocation: Simulator allocated 6050 kB (elbread=1280 elab2=4625 kernel=144 sdf=0)
# KERNEL: ASDB file was created in location c:\git\lat_bert\simulation\lat_bert_activeHDL\src\wave.asdb
#  1:29 PM, Tuesday, April 9, 2019
#  Simulation has been initialized
# Waveform file 'untitled.awc' connected to 'c:/git/lat_bert/simulation/lat_bert_activeHDL/src/wave.asdb'.
alog -O2 -sve -msg 5 -sv2k12 -work work $dsn/../../rtl_sources/prbs7x1_chk.v $dsn/../../rtl_sources/prbs7x1_gen.v $dsn/../../rtl_sources/prbs_loopback_top.v $dsn/../../rtl_sources/sim_sources/prbs_loopback_top_tb.v
# Pass 1. Scanning modules hierarchy.
# Info: VCP2113 Module \$root found in current working library.
# Pass 2. Processing instantiations.
# Pass 3. Processing behavioral statements.
# Parameters in case labels, will not check for overlapping labels (c:/git/lat_bert/simulation/lat_bert_activeHDL/../../rtl_sources/prbs7x1_chk.v, ln 125).
# Parameters in case labels, will not check for overlapping labels (c:/git/lat_bert/simulation/lat_bert_activeHDL/../../rtl_sources/prbs7x1_chk.v, ln 163).
# Running Optimizer.
# ELB/DAG code generating.
# Info: VCP2113 Module \$root found in current working library.
# Unit top modules: prbs_loopback_top_tb.
# $root top modules: prbs_loopback_top_tb.
# Compile success 0 Errors 0 Warnings  Analysis time: 0[s].
# Warning: ALOG: The source is compiled without the -dbg switch. Line breakpoints and assertion debug will not be available.
# done
run 100000 ns
# KERNEL: stopped at time: 100 us
# 1 signal(s) traced.
restart
# ELBREAD: Elaboration process.
# ELBREAD: Elaboration time 0.0 [s].
# 
# KERNEL: Main thread initiated.
# KERNEL: Kernel process initialization phase.
# KERNEL: Time resolution set to 1ps.
# ELAB2: Elaboration final pass...
# ELAB2: Create instances ...
# ELAB2: Create instances complete.
# SLP: Started
# SLP: Elaboration phase ...
# SLP: Elaboration phase ... done : 0.0 [s]
# SLP: Generation phase ...
# SLP: Generation phase ... done : 0.5 [s]
# SLP: Finished : 0.6 [s]
# SLP: 0 primitives and 20 (100.00%) other processes in SLP
# SLP: 43 (100.00%) signals in SLP and 0 interface signals
# ELAB2: Elaboration final pass complete - time: 0.6 [s].
# KERNEL: SLP loading done - time: 0.3 [s].
# KERNEL: Warning: You are using the Active-HDL Lattice Edition. The performance of simulation is running at a reduced rate.
# KERNEL: Warning: Contact Aldec for available upgrade options - sales@aldec.com.
# KERNEL: SLP simulation initialization done - time: 0.0 [s].
# KERNEL: Kernel process initialization done.
# Allocation: Simulator allocated 6051 kB (elbread=1280 elab2=4625 kernel=144 sdf=0)
# KERNEL: ASDB file was created in location c:\git\lat_bert\simulation\lat_bert_activeHDL\src\wave.asdb
#  1:38 PM, Tuesday, April 9, 2019
#  Simulation has been initialized
# Waveform file 'untitled.awc' connected to 'c:/git/lat_bert/simulation/lat_bert_activeHDL/src/wave.asdb'.
run 10000 ns
# KERNEL: stopped at time: 10 us
run 10000 ns
# KERNEL: stopped at time: 20 us
run 10000 ns
# KERNEL: stopped at time: 30 us
run 10000 ns
# KERNEL: stopped at time: 40 us
run 10000 ns
# KERNEL: stopped at time: 50 us
run 10000 ns
# KERNEL: stopped at time: 60 us
run 10000 ns
# KERNEL: stopped at time: 70 us
run 10000 ns
# KERNEL: stopped at time: 80 us
run 10000 ns
# KERNEL: stopped at time: 90 us
run 10000 ns
# KERNEL: stopped at time: 100 us
run 10000 ns
# KERNEL: stopped at time: 110 us
run 10000 ns
# KERNEL: stopped at time: 120 us
run 10000 ns
# KERNEL: stopped at time: 130 us
run 10000 ns
# KERNEL: stopped at time: 140 us
run 10000 ns
# KERNEL: stopped at time: 150 us
run 10000 ns
# KERNEL: stopped at time: 160 us
run 10000 ns
# KERNEL: stopped at time: 170 us
